<?xml version="1.0" encoding="UTF-8"?>
<testsuite name="com.test.codeit.CodeitApplicationTests" tests="1" skipped="0" failures="0" errors="0" timestamp="2023-08-14T03:12:31" hostname="noahui-MacBookPro.local" time="0.09">
  <properties/>
  <testcase name="contextLoads()" classname="com.test.codeit.CodeitApplicationTests" time="0.09"/>
  <system-out><![CDATA[12:12:18.731 [Test worker] DEBUG org.springframework.test.context.BootstrapUtils - Instantiating CacheAwareContextLoaderDelegate from class [org.springframework.test.context.cache.DefaultCacheAwareContextLoaderDelegate]
12:12:18.746 [Test worker] DEBUG org.springframework.test.context.BootstrapUtils - Instantiating BootstrapContext using constructor [public org.springframework.test.context.support.DefaultBootstrapContext(java.lang.Class,org.springframework.test.context.CacheAwareContextLoaderDelegate)]
12:12:18.784 [Test worker] DEBUG org.springframework.test.context.BootstrapUtils - Instantiating TestContextBootstrapper for test class [com.test.codeit.CodeitApplicationTests] from class [org.springframework.boot.test.context.SpringBootTestContextBootstrapper]
12:12:18.801 [Test worker] INFO org.springframework.boot.test.context.SpringBootTestContextBootstrapper - Neither @ContextConfiguration nor @ContextHierarchy found for test class [com.test.codeit.CodeitApplicationTests], using SpringBootContextLoader
12:12:18.806 [Test worker] DEBUG org.springframework.test.context.support.AbstractContextLoader - Did not detect default resource location for test class [com.test.codeit.CodeitApplicationTests]: class path resource [com/test/codeit/CodeitApplicationTests-context.xml] does not exist
12:12:18.807 [Test worker] DEBUG org.springframework.test.context.support.AbstractContextLoader - Did not detect default resource location for test class [com.test.codeit.CodeitApplicationTests]: class path resource [com/test/codeit/CodeitApplicationTestsContext.groovy] does not exist
12:12:18.807 [Test worker] INFO org.springframework.test.context.support.AbstractContextLoader - Could not detect default resource locations for test class [com.test.codeit.CodeitApplicationTests]: no resource found for suffixes {-context.xml, Context.groovy}.
12:12:18.808 [Test worker] INFO org.springframework.test.context.support.AnnotationConfigContextLoaderUtils - Could not detect default configuration classes for test class [com.test.codeit.CodeitApplicationTests]: CodeitApplicationTests does not declare any static, non-private, non-final, nested classes annotated with @Configuration.
12:12:18.876 [Test worker] DEBUG org.springframework.test.context.support.ActiveProfilesUtils - Could not find an 'annotation declaring class' for annotation type [org.springframework.test.context.ActiveProfiles] and class [com.test.codeit.CodeitApplicationTests]
12:12:18.947 [Test worker] DEBUG org.springframework.context.annotation.ClassPathScanningCandidateComponentProvider - Identified candidate component class: file [/Users/noah/qubit/codeit/build/classes/java/main/com/test/codeit/CodeitApplication.class]
12:12:18.948 [Test worker] INFO org.springframework.boot.test.context.SpringBootTestContextBootstrapper - Found @SpringBootConfiguration com.test.codeit.CodeitApplication for test class com.test.codeit.CodeitApplicationTests
12:12:19.074 [Test worker] DEBUG org.springframework.boot.test.context.SpringBootTestContextBootstrapper - @TestExecutionListeners is not present for class [com.test.codeit.CodeitApplicationTests]: using defaults.
12:12:19.075 [Test worker] INFO org.springframework.boot.test.context.SpringBootTestContextBootstrapper - Loaded default TestExecutionListener class names from location [META-INF/spring.factories]: [org.springframework.boot.test.autoconfigure.restdocs.RestDocsTestExecutionListener, org.springframework.boot.test.autoconfigure.web.client.MockRestServiceServerResetTestExecutionListener, org.springframework.boot.test.autoconfigure.web.servlet.MockMvcPrintOnlyOnFailureTestExecutionListener, org.springframework.boot.test.autoconfigure.web.servlet.WebDriverTestExecutionListener, org.springframework.boot.test.autoconfigure.webservices.client.MockWebServiceServerTestExecutionListener, org.springframework.boot.test.mock.mockito.MockitoTestExecutionListener, org.springframework.boot.test.mock.mockito.ResetMocksTestExecutionListener, org.springframework.test.context.web.ServletTestExecutionListener, org.springframework.test.context.support.DirtiesContextBeforeModesTestExecutionListener, org.springframework.test.context.event.ApplicationEventsTestExecutionListener, org.springframework.test.context.support.DependencyInjectionTestExecutionListener, org.springframework.test.context.support.DirtiesContextTestExecutionListener, org.springframework.test.context.transaction.TransactionalTestExecutionListener, org.springframework.test.context.jdbc.SqlScriptsTestExecutionListener, org.springframework.test.context.event.EventPublishingTestExecutionListener]
12:12:19.105 [Test worker] INFO org.springframework.boot.test.context.SpringBootTestContextBootstrapper - Using TestExecutionListeners: [org.springframework.test.context.web.ServletTestExecutionListener@31c7528f, org.springframework.test.context.support.DirtiesContextBeforeModesTestExecutionListener@2b76ff4e, org.springframework.test.context.event.ApplicationEventsTestExecutionListener@7a1234bf, org.springframework.boot.test.mock.mockito.MockitoTestExecutionListener@2f62ea70, org.springframework.boot.test.autoconfigure.SpringBootDependencyInjectionTestExecutionListener@24ba9639, org.springframework.test.context.support.DirtiesContextTestExecutionListener@38aa816f, org.springframework.test.context.transaction.TransactionalTestExecutionListener@53f6fd09, org.springframework.test.context.jdbc.SqlScriptsTestExecutionListener@6bffbc6d, org.springframework.test.context.event.EventPublishingTestExecutionListener@1b84f475, org.springframework.boot.test.autoconfigure.restdocs.RestDocsTestExecutionListener@7749bf93, org.springframework.boot.test.autoconfigure.web.client.MockRestServiceServerResetTestExecutionListener@13330ac6, org.springframework.boot.test.autoconfigure.web.servlet.MockMvcPrintOnlyOnFailureTestExecutionListener@539d019, org.springframework.boot.test.autoconfigure.web.servlet.WebDriverTestExecutionListener@39a2bb97, org.springframework.boot.test.autoconfigure.webservices.client.MockWebServiceServerTestExecutionListener@3ad2e17, org.springframework.boot.test.mock.mockito.ResetMocksTestExecutionListener@8c3619e]
12:12:19.109 [Test worker] DEBUG org.springframework.test.context.support.AbstractDirtiesContextTestExecutionListener - Before test class: context [DefaultTestContext@4b79ac84 testClass = CodeitApplicationTests, testInstance = [null], testMethod = [null], testException = [null], mergedContextConfiguration = [WebMergedContextConfiguration@53941c2f testClass = CodeitApplicationTests, locations = '{}', classes = '{class com.test.codeit.CodeitApplication}', contextInitializerClasses = '[]', activeProfiles = '{}', propertySourceLocations = '{}', propertySourceProperties = '{org.springframework.boot.test.context.SpringBootTestContextBootstrapper=true}', contextCustomizers = set[org.springframework.boot.test.autoconfigure.actuate.metrics.MetricsExportContextCustomizerFactory$DisableMetricExportContextCustomizer@7d9d0818, org.springframework.boot.test.autoconfigure.properties.PropertyMappingContextCustomizer@0, org.springframework.boot.test.autoconfigure.web.servlet.WebDriverContextCustomizerFactory$Customizer@514646ef, org.springframework.boot.test.context.filter.ExcludeFilterContextCustomizer@35841320, org.springframework.boot.test.json.DuplicateJsonObjectContextCustomizerFactory$DuplicateJsonObjectContextCustomizer@433defed, org.springframework.boot.test.mock.mockito.MockitoContextCustomizer@0, org.springframework.boot.test.web.client.TestRestTemplateContextCustomizer@4007f65e, org.springframework.boot.test.context.SpringBootTestArgs@1, org.springframework.boot.test.context.SpringBootTestWebEnvironment@6d2a209c], resourceBasePath = 'src/main/webapp', contextLoader = 'org.springframework.boot.test.context.SpringBootContextLoader', parent = [null]], attributes = map['org.springframework.test.context.web.ServletTestExecutionListener.activateListener' -> true]], class annotated with @DirtiesContext [false] with mode [null].
 ,-----.          ,--.      ,--.  ,--.
'  .--./ ,---.  ,-|  |,---. |  |,-'  '-.
|  |    | .-. |' .-. | .-. :|  |'-.  .-'
'  '--'\' '-' '\ `-' \   --.|  |  |  |
 `-----' `---'  `---' `----'`--'  `--'
 
Powered by Spring Boot 2.7.15-SNAPSHOT
2023-08-14 12:12:24.544  INFO 54505 --- [    Test worker] com.test.codeit.CodeitApplicationTests   : Starting CodeitApplicationTests using Java 1.8.0_382 on noahui-MacBookPro.local with PID 54505 (started by noah in /Users/noah/qubit/codeit)
2023-08-14 12:12:24.545  INFO 54505 --- [    Test worker] com.test.codeit.CodeitApplicationTests   : No active profile set, falling back to 1 default profile: "default"
2023-08-14 12:12:25.513  INFO 54505 --- [    Test worker] .s.d.r.c.RepositoryConfigurationDelegate : Multiple Spring Data modules found, entering strict repository configuration mode
2023-08-14 12:12:25.515  INFO 54505 --- [    Test worker] .s.d.r.c.RepositoryConfigurationDelegate : Bootstrapping Spring Data JDBC repositories in DEFAULT mode.
2023-08-14 12:12:25.554  INFO 54505 --- [    Test worker] .RepositoryConfigurationExtensionSupport : Spring Data JDBC - Could not safely identify store assignment for repository candidate interface com.test.codeit.repository.AnswersRepository; If you want this repository to be a JDBC repository, consider annotating your entities with one of these annotations: org.springframework.data.relational.core.mapping.Table.
2023-08-14 12:12:25.558  INFO 54505 --- [    Test worker] .RepositoryConfigurationExtensionSupport : Spring Data JDBC - Could not safely identify store assignment for repository candidate interface com.test.codeit.repository.QuestionsRepository; If you want this repository to be a JDBC repository, consider annotating your entities with one of these annotations: org.springframework.data.relational.core.mapping.Table.
2023-08-14 12:12:25.559  INFO 54505 --- [    Test worker] .s.d.r.c.RepositoryConfigurationDelegate : Finished Spring Data repository scanning in 36 ms. Found 0 JDBC repository interfaces.
2023-08-14 12:12:25.571  INFO 54505 --- [    Test worker] .s.d.r.c.RepositoryConfigurationDelegate : Multiple Spring Data modules found, entering strict repository configuration mode
2023-08-14 12:12:25.573  INFO 54505 --- [    Test worker] .s.d.r.c.RepositoryConfigurationDelegate : Bootstrapping Spring Data JPA repositories in DEFAULT mode.
2023-08-14 12:12:25.614  INFO 54505 --- [    Test worker] .s.d.r.c.RepositoryConfigurationDelegate : Finished Spring Data repository scanning in 36 ms. Found 2 JPA repository interfaces.
2023-08-14 12:12:26.256  INFO 54505 --- [    Test worker] o.hibernate.jpa.internal.util.LogHelper  : HHH000204: Processing PersistenceUnitInfo [name: default]
2023-08-14 12:12:26.337  INFO 54505 --- [    Test worker] org.hibernate.Version                    : HHH000412: Hibernate ORM core version 5.6.15.Final
2023-08-14 12:12:26.580  INFO 54505 --- [    Test worker] o.hibernate.annotations.common.Version   : HCANN000001: Hibernate Commons Annotations {5.1.2.Final}
2023-08-14 12:12:26.722  INFO 54505 --- [    Test worker] com.zaxxer.hikari.HikariDataSource       : HikariPool-1 - Starting...
2023-08-14 12:12:27.631  INFO 54505 --- [    Test worker] com.zaxxer.hikari.HikariDataSource       : HikariPool-1 - Start completed.
2023-08-14 12:12:27.678  INFO 54505 --- [    Test worker] org.hibernate.dialect.Dialect            : HHH000400: Using dialect: org.hibernate.dialect.H2Dialect
Hibernate: 
    
    drop table if exists answers CASCADE 
Hibernate: 
    
    drop table if exists questions CASCADE 
Hibernate: 
    
    create table answers (
       id bigint generated by default as identity,
        content varchar(255),
        title varchar(255),
        questions_id bigint,
        primary key (id)
    )
Hibernate: 
    
    create table questions (
       id bigint generated by default as identity,
        content varchar(255),
        created_at timestamp,
        lesson_id bigint,
        title varchar(255),
        primary key (id)
    )
Hibernate: 
    
    alter table answers 
       add constraint FK20f3cwgcbt4dhkbohpbefj0rc 
       foreign key (questions_id) 
       references questions
2023-08-14 12:12:28.597  INFO 54505 --- [    Test worker] o.h.e.t.j.p.i.JtaPlatformInitiator       : HHH000490: Using JtaPlatform implementation: [org.hibernate.engine.transaction.jta.platform.internal.NoJtaPlatform]
2023-08-14 12:12:28.609  INFO 54505 --- [    Test worker] j.LocalContainerEntityManagerFactoryBean : Initialized JPA EntityManagerFactory for persistence unit 'default'
2023-08-14 12:12:29.678  WARN 54505 --- [    Test worker] JpaBaseConfiguration$JpaWebConfiguration : spring.jpa.open-in-view is enabled by default. Therefore, database queries may be performed during view rendering. Explicitly configure spring.jpa.open-in-view to disable this warning
2023-08-14 12:12:29.990  INFO 54505 --- [    Test worker] o.s.b.a.h2.H2ConsoleAutoConfiguration    : H2 console available at '/h2-console'. Database available at 'jdbc:h2:~/test'
2023-08-14 12:12:31.150  INFO 54505 --- [    Test worker] com.test.codeit.CodeitApplicationTests   : Started CodeitApplicationTests in 11.99 seconds (JVM running for 13.272)
]]></system-out>
  <system-err><![CDATA[]]></system-err>
</testsuite>
